#time:2017-12-15 12:19:17
#错误编号：4096错误信息：Argument 1 passed to core\lib\route\Route::routeCheck() must be of the type array, string given, called in /usr/local/httpd2/htdocs/project/core/lib/Run.php on line 29 and defined错误文件：/usr/local/httpd2/htdocs/project/core/lib/route/Route.php错误行数：64

#time:2017-12-15 12:19:18
#错误编号：4096错误信息：Argument 1 passed to core\lib\route\Route::routeCheck() must be of the type array, string given, called in /usr/local/httpd2/htdocs/project/core/lib/Run.php on line 29 and defined错误文件：/usr/local/httpd2/htdocs/project/core/lib/route/Route.php错误行数：64

#time:2017-12-15 12:35:33
#错误编号：4096错误信息：Argument 1 passed to core\lib\route\Route::routeCheck() must be of the type array, string given, called in /usr/local/httpd2/htdocs/project/core/lib/Run.php on line 29 and defined错误文件：/usr/local/httpd2/htdocs/project/core/lib/route/Route.php错误行数：64

#time:2017-12-15 12:35:34
#错误编号：4096错误信息：Argument 1 passed to core\lib\route\Route::routeCheck() must be of the type array, string given, called in /usr/local/httpd2/htdocs/project/core/lib/Run.php on line 29 and defined错误文件：/usr/local/httpd2/htdocs/project/core/lib/route/Route.php错误行数：64

#time:2017-12-15 12:35:34
#错误编号：4096错误信息：Argument 1 passed to core\lib\route\Route::routeCheck() must be of the type array, string given, called in /usr/local/httpd2/htdocs/project/core/lib/Run.php on line 29 and defined错误文件：/usr/local/httpd2/htdocs/project/core/lib/route/Route.php错误行数：64

#time:2017-12-15 12:35:35
#错误编号：4096错误信息：Argument 1 passed to core\lib\route\Route::routeCheck() must be of the type array, string given, called in /usr/local/httpd2/htdocs/project/core/lib/Run.php on line 29 and defined错误文件：/usr/local/httpd2/htdocs/project/core/lib/route/Route.php错误行数：64

#time:2017-12-15 20:35:55
#错误编号：4096错误信息：Argument 1 passed to core\lib\route\Route::routeCheck() must be of the type array, string given, called in /usr/local/httpd2/htdocs/project/core/lib/Run.php on line 29 and defined错误文件：/usr/local/httpd2/htdocs/project/core/lib/route/Route.php错误行数：64

#time:2017-12-15 20:35:56
#错误编号：4096错误信息：Argument 1 passed to core\lib\route\Route::routeCheck() must be of the type array, string given, called in /usr/local/httpd2/htdocs/project/core/lib/Run.php on line 29 and defined错误文件：/usr/local/httpd2/htdocs/project/core/lib/route/Route.php错误行数：64

#time:2017-12-15 20:54:31
#异常错误信息：路由访问错误<br/>异常文件：/usr/local/httpd2/htdocs/project/core/lib/Run.php异常行号：30

#time:2017-12-15 20:54:54
#异常错误信息：非法控制器<br/>异常文件：/usr/local/httpd2/htdocs/project/core/lib/route/Route.php异常行号：81

#time:2017-12-15 20:54:56
#异常错误信息：非法控制器<br/>异常文件：/usr/local/httpd2/htdocs/project/core/lib/route/Route.php异常行号：81

#time:2017-12-15 20:55:03
#错误编号：1错误信息：Class '/test/controller/test1' not found错误文件：/usr/local/httpd2/htdocs/project/core/lib/route/Route.php错误行数：104

#time:2017-12-15 20:55:57
#错误编号：1错误信息：Class '/test/controller/test1' not found错误文件：/usr/local/httpd2/htdocs/project/core/lib/route/Route.php错误行数：104

#time:2017-12-15 20:56:11
#错误编号：1错误信息：Class '/test/controller/test1' not found错误文件：/usr/local/httpd2/htdocs/project/core/lib/route/Route.php错误行数：106

#time:2017-12-15 20:56:12
#错误编号：1错误信息：Class '/test/controller/test1' not found错误文件：/usr/local/httpd2/htdocs/project/core/lib/route/Route.php错误行数：106

#time:2017-12-15 20:56:36
#错误编号：1错误信息：Class '/test/controller/test1' not found错误文件：/usr/local/httpd2/htdocs/project/core/lib/route/Route.php错误行数：106

#time:2017-12-15 20:57:10
#错误编号：1错误信息：Class '/test/controller/test1' not found错误文件：/usr/local/httpd2/htdocs/project/core/lib/route/Route.php错误行数：106

#time:2017-12-15 20:58:18
#错误编号：1错误信息：Class '/test/controller/test1' not found错误文件：/usr/local/httpd2/htdocs/project/core/lib/route/Route.php错误行数：106

#time:2017-12-15 20:58:28
#错误编号：1错误信息：Class '/test/controller/test1' not found错误文件：/usr/local/httpd2/htdocs/project/core/lib/route/Route.php错误行数：106

#time:2017-12-15 20:58:56
#错误编号：1错误信息：Class '/test/controller/test1' not found错误文件：/usr/local/httpd2/htdocs/project/core/lib/route/Route.php错误行数：106

