#time:2017-11-07 12:46:10
#错误编号：2错误信息：include(E:\wamp\www\project\core\..\core\lib\BuildConfig.php): failed to open stream: No such file or directory错误文件：E:\wamp\www\project\core\Base.php错误行数：10

#time:2017-11-07 12:51:32
#错误编号：2错误信息：include(E:\wamp\www\project\core\..\core\lib\config\parend.php): failed to open stream: No such file or directory错误文件：E:\wamp\www\project\core\Base.php错误行数：10

#time:2017-11-07 12:52:40
#错误编号：8错误信息：Array to string conversion错误文件：E:\wamp\www\project\core\Base.php错误行数：27

#time:2017-11-07 12:53:31
#错误编号：8错误信息：Array to string conversion错误文件：E:\wamp\www\project\core\Base.php错误行数：27

#time:2017-11-07 12:53:31
#错误编号：8错误信息：Array to string conversion错误文件：E:\wamp\www\project\core\Base.php错误行数：27

#time:2017-11-07 12:53:31
#错误编号：8错误信息：Array to string conversion错误文件：E:\wamp\www\project\core\Base.php错误行数：27

#time:2017-11-07 12:54:39
#错误编号：8错误信息：Array to string conversion错误文件：E:\wamp\www\project\core\Base.php错误行数：27

#time:2017-11-07 12:54:55
#错误编号：8错误信息：Array to string conversion错误文件：E:\wamp\www\project\core\Base.php错误行数：27

#time:2017-11-07 12:55:18
#错误编号：8错误信息：Array to string conversion错误文件：E:\wamp\www\project\core\Base.php错误行数：27

#time:2017-11-07 12:55:58
#错误编号：8错误信息：Array to string conversion错误文件：E:\wamp\www\project\core\Base.php错误行数：27

#time:2017-11-07 12:56:26
#错误编号：8错误信息：Array to string conversion错误文件：E:\wamp\www\project\core\Base.php错误行数：27

#time:2017-11-07 12:56:27
#错误编号：8错误信息：Array to string conversion错误文件：E:\wamp\www\project\core\Base.php错误行数：27

#time:2017-11-07 12:56:28
#错误编号：8错误信息：Array to string conversion错误文件：E:\wamp\www\project\core\Base.php错误行数：27

#time:2017-11-07 16:07:22
#错误编号：8错误信息：Undefined offset: 1错误文件：E:\wamp\www\project\core\lib\Route.php错误行数：38

#time:2017-11-07 16:08:20
#错误编号：8错误信息：Undefined offset: 1错误文件：E:\wamp\www\project\core\lib\Route.php错误行数：38

#time:2017-11-07 16:08:20
#错误编号：8错误信息：Undefined offset: 1错误文件：E:\wamp\www\project\core\lib\Route.php错误行数：38

#time:2017-11-07 16:08:30
#错误编号：8错误信息：Undefined offset: 1错误文件：E:\wamp\www\project\core\lib\Route.php错误行数：38

#time:2017-11-07 16:08:31
#错误编号：8错误信息：Undefined offset: 1错误文件：E:\wamp\www\project\core\lib\Route.php错误行数：38

#time:2017-11-07 16:08:39
#错误编号：8错误信息：Undefined offset: 1错误文件：E:\wamp\www\project\core\lib\Route.php错误行数：38

#time:2017-11-07 16:08:39
#错误编号：8错误信息：Undefined offset: 1错误文件：E:\wamp\www\project\core\lib\Route.php错误行数：38

#time:2017-11-07 16:08:39
#错误编号：8错误信息：Undefined offset: 1错误文件：E:\wamp\www\project\core\lib\Route.php错误行数：38

#time:2017-11-07 16:08:58
#错误编号：8错误信息：Undefined offset: 1错误文件：E:\wamp\www\project\core\lib\Route.php错误行数：38

#time:2017-11-07 16:08:59
#错误编号：8错误信息：Undefined offset: 1错误文件：E:\wamp\www\project\core\lib\Route.php错误行数：38

#time:2017-11-07 16:09:09
#错误编号：2错误信息：include(E:\wamp\www\project\core\..\core\lib\Exception.php): failed to open stream: No such file or directory错误文件：E:\wamp\www\project\core\lib\Register.php错误行数：19

#time:2017-11-07 16:09:51
#错误编号：2错误信息：include(E:\wamp\www\project\core\..\core\lib\Exception.php): failed to open stream: No such file or directory错误文件：E:\wamp\www\project\core\lib\Register.php错误行数：19

#time:2017-11-07 16:09:52
#错误编号：2错误信息：include(E:\wamp\www\project\core\..\core\lib\Exception.php): failed to open stream: No such file or directory错误文件：E:\wamp\www\project\core\lib\Register.php错误行数：19

#time:2017-11-07 16:09:52
#错误编号：2错误信息：include(E:\wamp\www\project\core\..\core\lib\Exception.php): failed to open stream: No such file or directory错误文件：E:\wamp\www\project\core\lib\Register.php错误行数：19

#time:2017-11-07 16:09:53
#错误编号：2错误信息：include(E:\wamp\www\project\core\..\core\lib\Exception.php): failed to open stream: No such file or directory错误文件：E:\wamp\www\project\core\lib\Register.php错误行数：19

#time:2017-11-07 16:10:09
#异常错误信息：非法模块<br/>异常文件：E:\wamp\www\project\core\lib\Route.php异常行号：48

#time:2017-11-07 16:10:15
#异常错误信息：非法控制器<br/>异常文件：E:\wamp\www\project\core\lib\Route.php异常行号：51

#time:2017-11-07 16:10:44
#异常错误信息：非法控制器<br/>异常文件：E:\wamp\www\project\core\lib\Route.php异常行号：51

#time:2017-11-07 16:12:35
#异常错误信息：非法控制器<br/>异常文件：E:\wamp\www\project\core\lib\Route.php异常行号：53

